# JRE version: OpenJDK Runtime Environment (8.0_242-b01) (build 1.8.0_242-release-1644-b01)
# Java VM: OpenJDK 64-Bit Server VM (25.242-b01 mixed mode windows-amd64 compressed oops)
Heap:
 PSYoungGen      total 641536K, used 203646K [0x00000000d5580000, 0x00000000ffb80000, 0x0000000100000000)
  eden space 592896K, 33% used [0x00000000d5580000,0x00000000e159bb40,0x00000000f9880000)
  from space 48640K, 14% used [0x00000000fcc00000,0x00000000fd2c4040,0x00000000ffb80000)
  to   space 50688K, 0% used [0x00000000f9880000,0x00000000f9880000,0x00000000fca00000)
 ParOldGen       total 167424K, used 109418K [0x0000000080000000, 0x000000008a380000, 0x00000000d5580000)
  object space 167424K, 65% used [0x0000000080000000,0x0000000086adaa50,0x000000008a380000)
 Metaspace       used 109474K, capacity 115054K, committed 116044K, reserved 1150976K
  class space    used 14178K, capacity 15272K, committed 15488K, reserved 1048576K
GC Heap History (10 events):
Event: 175.520 GC heap before
{Heap before GC invocations=34 (full 4):
 PSYoungGen      total 488960K, used 460288K [0x00000000d5580000, 0x00000000f9380000, 0x0000000100000000)
  eden space 460288K, 100% used [0x00000000d5580000,0x00000000f1700000,0x00000000f1700000)
  from space 28672K, 0% used [0x00000000f1700000,0x00000000f1700000,0x00000000f3300000)
  to   space 35840K, 0% used [0x00000000f7080000,0x00000000f7080000,0x00000000f9380000)
 ParOldGen       total 167424K, used 88842K [0x0000000080000000, 0x000000008a380000, 0x00000000d5580000)
  object space 167424K, 53% used [0x0000000080000000,0x00000000856c2a88,0x000000008a380000)
 Metaspace       used 100621K, capacity 105322K, committed 105676K, reserved 1140736K
  class space    used 13000K, capacity 13982K, committed 14080K, reserved 1048576K
Event: 175.654 GC heap after
Heap after GC invocations=34 (full 4):
 PSYoungGen      total 550912K, used 19205K [0x00000000d5580000, 0x00000000f9380000, 0x0000000100000000)
  eden space 515072K, 0% used [0x00000000d5580000,0x00000000d5580000,0x00000000f4c80000)
  from space 35840K, 53% used [0x00000000f7080000,0x00000000f83415f0,0x00000000f9380000)
  to   space 36352K, 0% used [0x00000000f4c80000,0x00000000f4c80000,0x00000000f7000000)
 ParOldGen       total 167424K, used 88850K [0x0000000080000000, 0x000000008a380000, 0x00000000d5580000)
  object space 167424K, 53% used [0x0000000080000000,0x00000000856c4a88,0x000000008a380000)
 Metaspace       used 100621K, capacity 105322K, committed 105676K, reserved 1140736K
  class space    used 13000K, capacity 13982K, committed 14080K, reserved 1048576K
}
Event: 183.669 GC heap before
{Heap before GC invocations=35 (full 4):
 PSYoungGen      total 550912K, used 534277K [0x00000000d5580000, 0x00000000f9380000, 0x0000000100000000)
  eden space 515072K, 100% used [0x00000000d5580000,0x00000000f4c80000,0x00000000f4c80000)
  from space 35840K, 53% used [0x00000000f7080000,0x00000000f83415f0,0x00000000f9380000)
  to   space 36352K, 0% used [0x00000000f4c80000,0x00000000f4c80000,0x00000000f7000000)
 ParOldGen       total 167424K, used 88852K [0x0000000080000000, 0x000000008a380000, 0x00000000d5580000)
  object space 167424K, 53% used [0x0000000080000000,0x00000000856c5140,0x000000008a380000)
 Metaspace       used 109158K, capacity 114992K, committed 115276K, reserved 1148928K
  class space    used 14239K, capacity 15401K, committed 15488K, reserved 1048576K
Event: 184.417 GC heap after
Heap after GC invocations=35 (full 4):
 PSYoungGen      total 551424K, used 36334K [0x00000000d5580000, 0x0000000100000000, 0x0000000100000000)
  eden space 515072K, 0% used [0x00000000d5580000,0x00000000d5580000,0x00000000f4c80000)
  from space 36352K, 99% used [0x00000000f4c80000,0x00000000f6ffbb78,0x00000000f7000000)
  to   space 51712K, 0% used [0x00000000fcd80000,0x00000000fcd80000,0x0000000100000000)
 ParOldGen       total 167424K, used 113554K [0x0000000080000000, 0x000000008a380000, 0x00000000d5580000)
  object space 167424K, 67% used [0x0000000080000000,0x0000000086ee4b30,0x000000008a380000)
 Metaspace       used 109158K, capacity 114992K, committed 115276K, reserved 1148928K
  class space    used 14239K, capacity 15401K, committed 15488K, reserved 1048576K
}
Event: 190.317 GC heap before
{Heap before GC invocations=36 (full 4):
 PSYoungGen      total 551424K, used 551406K [0x00000000d5580000, 0x0000000100000000, 0x0000000100000000)
  eden space 515072K, 100% used [0x00000000d5580000,0x00000000f4c80000,0x00000000f4c80000)
  from space 36352K, 99% used [0x00000000f4c80000,0x00000000f6ffbb78,0x00000000f7000000)
  to   space 51712K, 0% used [0x00000000fcd80000,0x00000000fcd80000,0x0000000100000000)
 ParOldGen       total 167424K, used 113554K [0x0000000080000000, 0x000000008a380000, 0x00000000d5580000)
  object space 167424K, 67% used [0x0000000080000000,0x0000000086ee4b30,0x000000008a380000)
 Metaspace       used 109787K, capacity 115848K, committed 116044K, reserved 1150976K
  class space    used 14292K, capacity 15483K, committed 15488K, reserved 1048576K
Event: 192.916 GC heap after
Heap after GC invocations=36 (full 4):
 PSYoungGen      total 643072K, used 31910K [0x00000000d5580000, 0x0000000100000000, 0x0000000100000000)
  eden space 591360K, 0% used [0x00000000d5580000,0x00000000d5580000,0x00000000f9700000)
  from space 51712K, 61% used [0x00000000fcd80000,0x00000000feca9ad0,0x0000000100000000)
  to   space 53760K, 0% used [0x00000000f9700000,0x00000000f9700000,0x00000000fcb80000)
 ParOldGen       total 167424K, used 124891K [0x0000000080000000, 0x000000008a380000, 0x00000000d5580000)
  object space 167424K, 74% used [0x0000000080000000,0x00000000879f6c60,0x000000008a380000)
 Metaspace       used 109787K, capacity 115848K, committed 116044K, reserved 1150976K
  class space    used 14292K, capacity 15483K, committed 15488K, reserved 1048576K
}
Event: 236.321 GC heap before
{Heap before GC invocations=37 (full 4):
 PSYoungGen      total 643072K, used 623270K [0x00000000d5580000, 0x0000000100000000, 0x0000000100000000)
  eden space 591360K, 100% used [0x00000000d5580000,0x00000000f9700000,0x00000000f9700000)
  from space 51712K, 61% used [0x00000000fcd80000,0x00000000feca9ad0,0x0000000100000000)
  to   space 53760K, 0% used [0x00000000f9700000,0x00000000f9700000,0x00000000fcb80000)
 ParOldGen       total 167424K, used 124891K [0x0000000080000000, 0x000000008a380000, 0x00000000d5580000)
  object space 167424K, 74% used [0x0000000080000000,0x00000000879f6c60,0x000000008a380000)
 Metaspace       used 109816K, capacity 115932K, committed 116044K, reserved 1150976K
  class space    used 14300K, capacity 15487K, committed 15488K, reserved 1048576K
Event: 238.559 GC heap after
Heap after GC invocations=37 (full 4):
 PSYoungGen      total 645120K, used 7328K [0x00000000d5580000, 0x00000000fff00000, 0x0000000100000000)
  eden space 591360K, 0% used [0x00000000d5580000,0x00000000d5580000,0x00000000f9700000)
  from space 53760K, 13% used [0x00000000f9700000,0x00000000f9e28000,0x00000000fcb80000)
  to   space 52224K, 0% used [0x00000000fcc00000,0x00000000fcc00000,0x00000000fff00000)
 ParOldGen       total 167424K, used 154843K [0x0000000080000000, 0x000000008a380000, 0x00000000d5580000)
  object space 167424K, 92% used [0x0000000080000000,0x0000000089736c90,0x000000008a380000)
 Metaspace       used 109816K, capacity 115932K, committed 116044K, reserved 1150976K
  class space    used 14300K, capacity 15487K, committed 15488K, reserved 1048576K
}
Event: 238.560 GC heap before
{Heap before GC invocations=38 (full 5):
 PSYoungGen      total 645120K, used 7328K [0x00000000d5580000, 0x00000000fff00000, 0x0000000100000000)
  eden space 591360K, 0% used [0x00000000d5580000,0x00000000d5580000,0x00000000f9700000)
  from space 53760K, 13% used [0x00000000f9700000,0x00000000f9e28000,0x00000000fcb80000)
  to   space 52224K, 0% used [0x00000000fcc00000,0x00000000fcc00000,0x00000000fff00000)
 ParOldGen       total 167424K, used 154843K [0x0000000080000000, 0x000000008a380000, 0x00000000d5580000)
  object space 167424K, 92% used [0x0000000080000000,0x0000000089736c90,0x000000008a380000)
 Metaspace       used 109816K, capacity 115932K, committed 116044K, reserved 1150976K
  class space    used 14300K, capacity 15487K, committed 15488K, reserved 1048576K
Event: 293.622 GC heap after
Heap after GC invocations=38 (full 5):
 PSYoungGen      total 645120K, used 0K [0x00000000d5580000, 0x00000000fff00000, 0x0000000100000000)
  eden space 591360K, 0% used [0x00000000d5580000,0x00000000d5580000,0x00000000f9700000)
  from space 53760K, 0% used [0x00000000f9700000,0x00000000f9700000,0x00000000fcb80000)
  to   space 52224K, 0% used [0x00000000fcc00000,0x00000000fcc00000,0x00000000fff00000)
 ParOldGen       total 167424K, used 109418K [0x0000000080000000, 0x000000008a380000, 0x00000000d5580000)
  object space 167424K, 65% used [0x0000000080000000,0x0000000086adaa50,0x000000008a380000)
 Metaspace       used 109470K, capacity 115054K, committed 116044K, reserved 1150976K
  class space    used 14178K, capacity 15272K, committed 15488K, reserved 1048576K
}

